>PhoenixEngine by Tyler Shoaff
<xboard
<uci
>id name PhoenixEngine
>id name author Tyler Shoaff
>uciok
<isready
>readyok
<ucinewgame
<isready
>readyok
<position startpos moves e2e4
<go wtime 606000 btime 600000 winc 6000 binc 6000
>info depth 5 score cp -70
>bestmove e7e6
<position startpos moves d2d3
<go wtime 606000 btime 600000 winc 6000 binc 6000
>info depth 5 score cp -40
>bestmove b8c6
<position startpos moves d2d3 b8c6 e2e3
<go wtime 595578 btime 605380 winc 6000 binc 6000
>info depth 5 score cp -35
>bestmove e7e6
<position startpos moves d2d3 b8c6 e2e3 e7e6 e3e4
<go wtime 599985 btime 610447 winc 6000 binc 6000
>info depth 5 score cp -20
>bestmove g8f6
<position startpos moves d2d3 b8c6 e2e3 e7e6 e3e4 g8f6 g1f3
<go wtime 600813 btime 615295 winc 6000 binc 6000
>info depth 5 score cp -20
>bestmove d7d5
<position startpos moves d2d3 b8c6 e2e3 e7e6 e3e4 g8f6 g1f3 d7d5 e4d5
<go wtime 602094 btime 618675 winc 6000 binc 6000
>info depth 5 score cp 15
>bestmove e6d5
<position startpos moves d2d3 b8c6 e2e3 e7e6 e3e4 g8f6 g1f3 d7d5 e4d5 e6d5 b2b3
<go wtime 597406 btime 620164 winc 6000 binc 6000
>info depth 5 score cp 70
>bestmove f8b4
<position startpos moves d2d3 b8c6 e2e3 e7e6 e3e4 g8f6 g1f3 d7d5 e4d5 e6d5 b2b3 f8b4 c2c3
<go wtime 579734 btime 623669 winc 6000 binc 6000
>info depth 5 score cp 90
>bestmove b4c5
<position startpos moves d2d3 b8c6 e2e3 e7e6 e3e4 g8f6 g1f3 d7d5 e4d5 e6d5 b2b3 f8b4 c2c3 b4c5 f1e2
<go wtime 562062 btime 624642 winc 6000 binc 6000
>info depth 5 score cp 90
>bestmove c8g4
<position startpos moves d2d3 b8c6 e2e3 e7e6 e3e4 g8f6 g1f3 d7d5 e4d5 e6d5 b2b3 f8b4 c2c3 b4c5 h1g1
<go wtime 569093 btime 624642 winc 6000 binc 6000
>info depth 5 score cp 115
>bestmove e8g8
<position startpos moves d2d3 b8c6 e2e3 e7e6 e3e4 g8f6 g1f3 d7d5 e4d5 e6d5 b2b3 f8b4 c2c3 b4c5 h1g1 e8g8 g1h1
<go wtime 572421 btime 628475 winc 6000 binc 6000
>info depth 5 score cp 130
>bestmove f8e8
<quit
['Traceback (most recent call last):\n', '  File "C:\\Users\\dbsho\\OneDrive\\Desktop\\Code\\PhoenixEngine\\uci.py", line 118, in <module>\n    main()\n', '  File "C:\\Users\\dbsho\\OneDrive\\Desktop\\Code\\PhoenixEngine\\uci.py", line 67, in main\n    exit(0)\n', '  File "<frozen _sitebuiltins>", line 26, in __call__\n', 'SystemExit: 0\n']
